# JRE version: OpenJDK Runtime Environment (21.0.5) (build 21.0.5+-13047016-b750.29)
# Java VM: OpenJDK 64-Bit Server VM (21.0.5+-13047016-b750.29, mixed mode, tiered, compressed oops, compressed class ptrs, g1 gc, linux-amd64)
GC Precious Log:
 CardTable entry size: 512
 Card Set container configuration: InlinePtr #cards 5 size 8 Array Of Cards #cards 12 size 40 Howl #buckets 4 coarsen threshold 1843 Howl Bitmap #cards 512 size 80 coarsen threshold 460 Card regions per heap region 1 cards per card region 2048
 CPUs: 8 total, 8 available
 Memory: 15792M
 Large Page Support: Disabled
 NUMA Support: Disabled
 Compressed Oops: Enabled (32-bit)
 Heap Region Size: 1M
 Heap Min Capacity: 8M
 Heap Initial Capacity: 248M
 Heap Max Capacity: 2G
 Pre-touch: Disabled
 Parallel Workers: 8
 Concurrent Workers: 2
 Concurrent Refinement Workers: 8
 Periodic GC: Disabled
Heap:
 garbage-first heap   total 391168K, used 249830K [0x0000000080000000, 0x0000000100000000)
  region size 1024K, 47 young (48128K), 5 survivors (5120K)
 Metaspace       used 189041K, committed 192576K, reserved 1245184K
  class space    used 24374K, committed 25728K, reserved 1048576K
GC Heap History (20 events):
Event: 4357,949 GC heap before
{Heap before GC invocations=121 (full 0):
 garbage-first heap   total 364544K, used 249003K [0x0000000080000000, 0x0000000100000000)
  region size 1024K, 76 young (77824K), 8 survivors (8192K)
 Metaspace       used 188481K, committed 190720K, reserved 1245184K
  class space    used 24332K, committed 25856K, reserved 1048576K
}
Event: 4357,956 GC heap after
{Heap after GC invocations=122 (full 0):
 garbage-first heap   total 364544K, used 182409K [0x0000000080000000, 0x0000000100000000)
  region size 1024K, 11 young (11264K), 11 survivors (11264K)
 Metaspace       used 188481K, committed 190720K, reserved 1245184K
  class space    used 24332K, committed 25856K, reserved 1048576K
}
Event: 4474,799 GC heap before
{Heap before GC invocations=123 (full 0):
 garbage-first heap   total 364544K, used 352393K [0x0000000080000000, 0x0000000100000000)
  region size 1024K, 157 young (160768K), 11 survivors (11264K)
 Metaspace       used 187672K, committed 190144K, reserved 1245184K
  class space    used 24273K, committed 25856K, reserved 1048576K
}
Event: 4474,816 GC heap after
{Heap after GC invocations=124 (full 0):
 garbage-first heap   total 374784K, used 196464K [0x0000000080000000, 0x0000000100000000)
  region size 1024K, 20 young (20480K), 20 survivors (20480K)
 Metaspace       used 187672K, committed 190144K, reserved 1245184K
  class space    used 24273K, committed 25856K, reserved 1048576K
}
Event: 5580,524 GC heap before
{Heap before GC invocations=124 (full 0):
 garbage-first heap   total 374784K, used 346992K [0x0000000080000000, 0x0000000100000000)
  region size 1024K, 155 young (158720K), 20 survivors (20480K)
 Metaspace       used 187823K, committed 190272K, reserved 1245184K
  class space    used 24284K, committed 25856K, reserved 1048576K
}
Event: 5580,544 GC heap after
{Heap after GC invocations=125 (full 0):
 garbage-first heap   total 374784K, used 185089K [0x0000000080000000, 0x0000000100000000)
  region size 1024K, 9 young (9216K), 9 survivors (9216K)
 Metaspace       used 187823K, committed 190272K, reserved 1245184K
  class space    used 24284K, committed 25856K, reserved 1048576K
}
Event: 5580,622 GC heap before
{Heap before GC invocations=125 (full 0):
 garbage-first heap   total 374784K, used 205569K [0x0000000080000000, 0x0000000100000000)
  region size 1024K, 31 young (31744K), 9 survivors (9216K)
 Metaspace       used 187835K, committed 190272K, reserved 1245184K
  class space    used 24284K, committed 25856K, reserved 1048576K
}
Event: 5580,629 GC heap after
{Heap after GC invocations=126 (full 0):
 garbage-first heap   total 374784K, used 186575K [0x0000000080000000, 0x0000000100000000)
  region size 1024K, 11 young (11264K), 11 survivors (11264K)
 Metaspace       used 187835K, committed 190272K, reserved 1245184K
  class space    used 24284K, committed 25856K, reserved 1048576K
}
Event: 7117,848 GC heap before
{Heap before GC invocations=127 (full 0):
 garbage-first heap   total 374784K, used 348367K [0x0000000080000000, 0x0000000100000000)
  region size 1024K, 151 young (154624K), 11 survivors (11264K)
 Metaspace       used 187707K, committed 190208K, reserved 1245184K
  class space    used 24284K, committed 25856K, reserved 1048576K
}
Event: 7117,854 GC heap after
{Heap after GC invocations=128 (full 0):
 garbage-first heap   total 374784K, used 183342K [0x0000000080000000, 0x0000000100000000)
  region size 1024K, 5 young (5120K), 5 survivors (5120K)
 Metaspace       used 187707K, committed 190208K, reserved 1245184K
  class space    used 24284K, committed 25856K, reserved 1048576K
}
Event: 7253,666 GC heap before
{Heap before GC invocations=128 (full 0):
 garbage-first heap   total 374784K, used 333870K [0x0000000080000000, 0x0000000100000000)
  region size 1024K, 153 young (156672K), 5 survivors (5120K)
 Metaspace       used 191433K, committed 193408K, reserved 1245184K
  class space    used 24782K, committed 25856K, reserved 1048576K
}
Event: 7253,672 GC heap after
{Heap after GC invocations=129 (full 0):
 garbage-first heap   total 374784K, used 176034K [0x0000000080000000, 0x0000000100000000)
  region size 1024K, 6 young (6144K), 6 survivors (6144K)
 Metaspace       used 191433K, committed 193408K, reserved 1245184K
  class space    used 24782K, committed 25856K, reserved 1048576K
}
Event: 8037,436 GC heap before
{Heap before GC invocations=129 (full 0):
 garbage-first heap   total 374784K, used 249762K [0x0000000080000000, 0x0000000100000000)
  region size 1024K, 79 young (80896K), 6 survivors (6144K)
 Metaspace       used 191487K, committed 193408K, reserved 1245184K
  class space    used 24786K, committed 25856K, reserved 1048576K
}
Event: 8037,445 GC heap after
{Heap after GC invocations=130 (full 0):
 garbage-first heap   total 374784K, used 183443K [0x0000000080000000, 0x0000000100000000)
  region size 1024K, 13 young (13312K), 13 survivors (13312K)
 Metaspace       used 191487K, committed 193408K, reserved 1245184K
  class space    used 24786K, committed 25856K, reserved 1048576K
}
Event: 8038,668 GC heap before
{Heap before GC invocations=131 (full 0):
 garbage-first heap   total 374784K, used 360595K [0x0000000080000000, 0x0000000100000000)
  region size 1024K, 166 young (169984K), 13 survivors (13312K)
 Metaspace       used 191953K, committed 193920K, reserved 1245184K
  class space    used 24787K, committed 25856K, reserved 1048576K
}
Event: 8038,684 GC heap after
{Heap after GC invocations=132 (full 0):
 garbage-first heap   total 388096K, used 198439K [0x0000000080000000, 0x0000000100000000)
  region size 1024K, 21 young (21504K), 21 survivors (21504K)
 Metaspace       used 191953K, committed 193920K, reserved 1245184K
  class space    used 24787K, committed 25856K, reserved 1048576K
}
Event: 8039,039 GC heap before
{Heap before GC invocations=132 (full 0):
 garbage-first heap   total 388096K, used 346919K [0x0000000080000000, 0x0000000100000000)
  region size 1024K, 165 young (168960K), 21 survivors (21504K)
 Metaspace       used 192308K, committed 194240K, reserved 1245184K
  class space    used 24795K, committed 25856K, reserved 1048576K
}
Event: 8039,062 GC heap after
{Heap after GC invocations=133 (full 0):
 garbage-first heap   total 391168K, used 209920K [0x0000000080000000, 0x0000000100000000)
  region size 1024K, 21 young (21504K), 21 survivors (21504K)
 Metaspace       used 192308K, committed 194240K, reserved 1245184K
  class space    used 24795K, committed 25856K, reserved 1048576K
}
Event: 8039,190 GC heap before
{Heap before GC invocations=133 (full 0):
 garbage-first heap   total 391168K, used 263168K [0x0000000080000000, 0x0000000100000000)
  region size 1024K, 75 young (76800K), 21 survivors (21504K)
 Metaspace       used 192346K, committed 194240K, reserved 1245184K
  class space    used 24795K, committed 25856K, reserved 1048576K
}
Event: 8039,198 GC heap after
{Heap after GC invocations=134 (full 0):
 garbage-first heap   total 391168K, used 206822K [0x0000000080000000, 0x0000000100000000)
  region size 1024K, 5 young (5120K), 5 survivors (5120K)
 Metaspace       used 192346K, committed 194240K, reserved 1245184K
  class space    used 24795K, committed 25856K, reserved 1048576K
}

